<?xml version="1.0" encoding="UTF-8"?>
<testsuite xmlns:xsi="http://www.w3.org/2001/XMLSchema-instance" xsi:noNamespaceSchemaLocation="https://maven.apache.org/surefire/maven-surefire-plugin/xsd/surefire-test-report.xsd" name="TestSuite" time="87.157" tests="47" errors="0" skipped="0" failures="7">
  <properties>
[...]
</properties>
  <testcase name="a_opensign_inpage" classname="dsalgo_Testscenarios.Login_TC" time="2.094"/>
  <testcase name="sign_inpage" classname="dsalgo_Testscenarios.Login_TC" time="0.536"/>
  <testcase name="aa_loginDDT" classname="dsalgo_Testscenarios.Login_TC" time="1.753">
    <failure message="expected [true] but found [false]" type="java.lang.AssertionError">java.lang.AssertionError: expected [true] but found [false]
	at dsalgo_Testscenarios.Login_TC.aa_loginDDT(Login_TC.java:71)
</failure>
    <system-out><![CDATA[I am in onTestSuccess method sign_inpage succeed
I am in onTestStart method aa_loginDDT start
INFO  DS-ALGO Project - Enters Username
INFO  DS-ALGO Project - Enters Password
INFO  DS-ALGO Project - clicks on Login Button
INFO  DS-ALGO Project - User is in the Loginpage
INFO  DS-ALGO Project - Login not  Successful
]]></system-out>
  </testcase>
  <testcase name="aa_loginDDT" classname="dsalgo_Testscenarios.Login_TC" time="2.085"/>
  <testcase name="Timecomplex" classname="dsalgo_Testscenarios.Data_Structures_TC" time="1.024"/>
  <testcase name="DSText_editor" classname="dsalgo_Testscenarios.Data_Structures_TC" time="2.796"/>
  <testcase name="Arraypage" classname="dsalgo_Testscenarios.Arraypage_TC" time="0.242"/>
  <testcase name="arraysinpython" classname="dsalgo_Testscenarios.Arraypage_TC" time="1.418"/>
  <testcase name="arraysinpython" classname="dsalgo_Testscenarios.Arraypage_TC" time="0.626"/>
  <testcase name="arraysinpython" classname="dsalgo_Testscenarios.Arraypage_TC" time="0.675">
    <failure message="expected [true] but found [false]" type="java.lang.AssertionError">java.lang.AssertionError: expected [true] but found [false]
	at dsalgo_Testscenarios.Arraypage_TC.arraysinpython(Arraypage_TC.java:55)
</failure>
    <system-out><![CDATA[I am in onTestSuccess method arraysinpython succeed
I am in onTestStart method arraysinpython start
INFO  DS-ALGO Project - user clicked the array in python link[1st link]
INFO  DS-ALGO Project - user clicked on try here button in arrayinpython page
INFO  DS-ALGO Project - user entered code in  on try here button in arrayinpython page
INFO  DS-ALGO Project - user clicked on  run  in arrayinpython page
INFO  DS-ALGO Project - Alert present :{}NameError: name 'kanthi' is not defined on line 1
INFO  DS-ALGO Project - user entered invalid code 
]]></system-out>
  </testcase>
  <testcase name="arraysusinglist" classname="dsalgo_Testscenarios.Arraypage_TC" time="1.194"/>
  <testcase name="arraysusinglist" classname="dsalgo_Testscenarios.Arraypage_TC" time="1.324"/>
  <testcase name="arraysusinglist" classname="dsalgo_Testscenarios.Arraypage_TC" time="1.807">
    <failure message="expected [true] but found [false]" type="java.lang.AssertionError">java.lang.AssertionError: expected [true] but found [false]
	at dsalgo_Testscenarios.Arraypage_TC.arraysusinglist(Arraypage_TC.java:85)
</failure>
    <system-out><![CDATA[I am in onTestSuccess method arraysusinglist succeed
I am in onTestStart method arraysusinglist start
INFO  DS-ALGO Project - user clicked the array in arraylist[2nd link]
INFO  DS-ALGO Project - user clicked on try here button in arraylist page
INFO  DS-ALGO Project - user entered code in  on try here button in arraylist page
INFO  DS-ALGO Project - user clicked on  run  in arraylist page
INFO  DS-ALGO Project - Alert present :{}NameError: name 'kanthi' is not defined on line 1
INFO  DS-ALGO Project - user entered invalid code 
]]></system-out>
  </testcase>
  <testcase name="Basic_Oprtations_list" classname="dsalgo_Testscenarios.Arraypage_TC" time="1.894"/>
  <testcase name="Basic_Oprtations_list" classname="dsalgo_Testscenarios.Arraypage_TC" time="1.943"/>
  <testcase name="Basic_Oprtations_list" classname="dsalgo_Testscenarios.Arraypage_TC" time="1.543">
    <failure message="expected [true] but found [false]" type="java.lang.AssertionError">java.lang.AssertionError: expected [true] but found [false]
	at dsalgo_Testscenarios.Arraypage_TC.Basic_Oprtations_list(Arraypage_TC.java:113)
</failure>
    <system-out><![CDATA[I am in onTestSuccess method Basic_Oprtations_list succeed
I am in onTestStart method Basic_Oprtations_list start
INFO  DS-ALGO Project - user clicked the  Basic operation in list[3rd link]
INFO  DS-ALGO Project - user clicked on try here button in Basic operation in list page
INFO  DS-ALGO Project - user entered code in  on try here button in Basic operation in list page
INFO  DS-ALGO Project - user clicked on  run  in Basic operation in list page
INFO  DS-ALGO Project - Alert present :{}NameError: name 'kanthi' is not defined on line 1
INFO  DS-ALGO Project - user entered invalid code 
]]></system-out>
  </testcase>
  <testcase name="Applications_of_Array" classname="dsalgo_Testscenarios.Arraypage_TC" time="1.834"/>
  <testcase name="Applications_of_Array" classname="dsalgo_Testscenarios.Arraypage_TC" time="0.991"/>
  <testcase name="Applications_of_Array" classname="dsalgo_Testscenarios.Arraypage_TC" time="0.989">
    <failure message="expected [true] but found [false]" type="java.lang.AssertionError">java.lang.AssertionError: expected [true] but found [false]
	at dsalgo_Testscenarios.Arraypage_TC.Applications_of_Array(Arraypage_TC.java:141)
</failure>
    <system-out><![CDATA[I am in onTestSuccess method Applications_of_Array succeed
I am in onTestStart method Applications_of_Array start
INFO  DS-ALGO Project - user clicked the  Application of array[4th link]
INFO  DS-ALGO Project - user clicked on try here button in Application of array page
INFO  DS-ALGO Project - user entered code in  on try here button in Application of array page
INFO  DS-ALGO Project - user clicked on  run  in Application of array page
INFO  DS-ALGO Project - Alert present :{}NameError: name 'kanthi' is not defined on line 1
INFO  DS-ALGO Project - user entered invalid code 
]]></system-out>
  </testcase>
  <testcase name="Practice_Questions" classname="dsalgo_Testscenarios.Arraypage_TC" time="0.595">
    <failure message="expected [true] but found [false]" type="java.lang.AssertionError">java.lang.AssertionError: expected [true] but found [false]
	at dsalgo_Testscenarios.Arraypage_TC.assertverify_practiceq(Arraypage_TC.java:291)
	at dsalgo_Testscenarios.Arraypage_TC.Practice_Questions(Arraypage_TC.java:157)
</failure>
    <system-out><![CDATA[I am in onTestFailure method Applications_of_Array failed
Screenshot captured for test case:Applications_of_Array
I am in onTestStart method Practice_Questions start
INFO  DS-ALGO Project - user clicked the array in python link[1st link]
INFO  DS-ALGO Project - user clicked on practice questions link
]]></system-out>
  </testcase>
  <testcase name="Final" classname="dsalgo_Testscenarios.Arraypage_TC" time="0.132"/>
  <testcase name="Linkedlistpage" classname="dsalgo_Testscenarios.LinkedList_TC" time="0.321"/>
  <testcase name="LinkedList_Introduction" classname="dsalgo_Testscenarios.LinkedList_TC" time="0.852"/>
  <testcase name="LinkedList_Create" classname="dsalgo_Testscenarios.LinkedList_TC" time="1.016"/>
  <testcase name="LinkedList_Types" classname="dsalgo_Testscenarios.LinkedList_TC" time="1.387"/>
  <testcase name="LinkedList_implement" classname="dsalgo_Testscenarios.LinkedList_TC" time="0.96"/>
  <testcase name="LinkedList_trasversal" classname="dsalgo_Testscenarios.LinkedList_TC" time="0.745"/>
  <testcase name="LinkedList_insertion" classname="dsalgo_Testscenarios.LinkedList_TC" time="0.89"/>
  <testcase name="LinkedList_Deletion" classname="dsalgo_Testscenarios.LinkedList_TC" time="0.873"/>
  <testcase name="LinkedList_PracticeQuestion" classname="dsalgo_Testscenarios.LinkedList_TC" time="0.401"/>
  <testcase name="b_Stackpage" classname="dsalgo_Testscenarios.Stack_TC" time="1.292"/>
  <testcase name="exuteoperationinstack" classname="dsalgo_Testscenarios.Stack_TC" time="0.881"/>
  <testcase name="exuteImplemation" classname="dsalgo_Testscenarios.Stack_TC" time="1.492"/>
  <testcase name="exutapplications" classname="dsalgo_Testscenarios.Stack_TC" time="1.388"/>
  <testcase name="excutepracticequestions" classname="dsalgo_Testscenarios.Stack_TC" time="1.309"/>
  <testcase name="b_Queuepage" classname="dsalgo_Testscenarios.Queue_TC" time="1.242"/>
  <testcase name="exutePythonCode" classname="dsalgo_Testscenarios.Queue_TC" time="1.005"/>
  <testcase name="exuteCollectionse" classname="dsalgo_Testscenarios.Queue_TC" time="1.204"/>
  <testcase name="excuteusingarray" classname="dsalgo_Testscenarios.Queue_TC" time="1.128"/>
  <testcase name="excuteQueueOperation" classname="dsalgo_Testscenarios.Queue_TC" time="0.881"/>
  <testcase name="excutepracticequestions" classname="dsalgo_Testscenarios.Queue_TC" time="0.704"/>
  <testcase name="Tree" classname="dsalgo_Testscenarios.Tree_TC" time="8.803"/>
  <testcase name="Tree_TextEditor" classname="dsalgo_Testscenarios.Tree_TC" time="2.514"/>
  <testcase name="back_to_Home" classname="dsalgo_Testscenarios.Tree_TC" time="2.108"/>
  <testcase name="graphpage" classname="dsalgo_Testscenarios.Graph_TC" time="2.996"/>
  <testcase name="graphText_Editor" classname="dsalgo_Testscenarios.Graph_TC" time="2.403"/>
  <testcase name="back_to_home" classname="dsalgo_Testscenarios.Graph_TC" time="0.116">
    <failure message="expected [true] but found [false]" type="java.lang.AssertionError">java.lang.AssertionError: expected [true] but found [false]
	at dsalgo_Testscenarios.Graph_TC.back_to_home(Graph_TC.java:134)
</failure>
    <system-out><![CDATA[I am in onTestSuccess method graphText_Editor succeed
I am in onTestStart method back_to_home start
]]></system-out>
  </testcase>
</testsuite>